Unity Player [version: Unity 5.4.0f3_a6d8d714de6f]

WizardsOnIce.exe caused an Access Violation (0xc0000005)
  in module WizardsOnIce.exe at 0023:01393814.

Error occurred at 2017-03-11_185334.
C:\Users\Eduardo Perez\Documents\GitHub\WOZ\WizardsOnIce\WizardsOnIce.exe, run by Eduardo Perez.
54% memory in use.
0 MB physical memory [3700 MB free].
0 MB paging file [3409 MB free].
0 MB user address space [3683 MB free].
Read from location 00000000 caused an access violation.

Context:
EDI:    0x00000000  ESI: 0x04526710  EAX:   0x000f4000
EBX:    0x00000000  ECX: 0x04526710  EDX:   0x0111ef80
EIP:    0x01393814  EBP: 0x010df80c  SegCs: 0x00000023
EFlags: 0x00210202  ESP: 0x010df800  SegSs: 0x0000002b

Bytes at CS:EIP:
8b 07 8b 50 1c 8b 1e 8b cf ff d2 50 8b 43 20 8b 

Stack:
0x010df800: 010df8bc 00000000 00000000 010df844 ............D...
0x010df810: 011aa61a 00000000 0000003d 00000000 ........=.......
0x010df820: 051ce5a0 00000101 04540800 01796001 ..........T..`y.
0x010df830: 04c6af50 051ce5a0 00000000 0000000f P...............
0x010df840: 010df8bc 010df86c 011aa64d 051ce5a0 ....l...M.......
0x010df850: 00000101 00000101 3a9c09c1 00000000 ...........:....
0x010df860: 00000000 00000000 00000000 010df8ac ................
0x010df870: 011ab45c 010dfa00 04c86ca0 010df89c \........l......
0x010df880: 00000000 00000000 00000000 00000000 ................
0x010df890: 3f800000 ff1b1611 00000000 00000000 ...?............
0x010df8a0: 00000000 3f800000 3f800000 010dfa50 .......?...?P...
0x010df8b0: 012e09c2 010dfa00 04c86ca0 ff1b1611 .........l......
0x010df8c0: 00000000 74142480 74136760 00000004 .....$.t`g.t....
0x010df8d0: 051ce5a0 3f800000 00000000 00000000 .......?........
0x010df8e0: 00000000 00000000 3f800000 00000000 ...........?....
0x010df8f0: 00000000 00000000 00000000 3f800000 ...............?
0x010df900: 00000000 00000000 00000000 00000000 ................
0x010df910: 3f800000 3f800000 00000000 00000000 ...?...?........
0x010df920: 00000000 00000000 3f800000 00000000 ...........?....
0x010df930: 00000000 00000000 00000000 3f800000 ...............?
0x010df940: 00000000 00000000 00000000 00000000 ................
0x010df950: 3f800000 3f800000 00000000 00000000 ...?...?........
0x010df960: 00000000 00000000 3f800000 00000000 ...........?....
0x010df970: 00000000 00000000 00000000 3f800000 ...............?
0x010df980: 00000000 00000000 00000000 00000000 ................
0x010df990: 3f800000 3f800000 3f800000 3f800000 ...?...?...?...?
0x010df9a0: 3f800000 04540800 010df9d0 030bdb10 ...?..T.........
0x010df9b0: 00000000 00000000 0000000f 00000000 ................
0x010df9c0: 04540800 774e24b0 000f06d0 742927ec ..T..$Nw.....')t
0x010df9d0: 00000000 0000000f fca49943 00000073 ........C...s...
0x010df9e0: 04c86ca0 0000012a 00000000 000001cc .l..*...........
0x010df9f0: 3d888889 3db0b0b1 3dd8d8d9 3f800000 ...=...=...=...?
0x010dfa00: 44188000 44118000 43e60000 c2e60000 ...D...D...C....
0x010dfa10: 43950000 44520000 43e60000 04c9aec0 ...C..RD...C....
0x010dfa20: 3f800000 3f800000 3f800000 3f800000 ...?...?...?...?
0x010dfa30: 3f008081 3f008081 3f008081 3f008081 ...?...?...?...?
0x010dfa40: 44034000 00000000 0000004a 00000000 .@.D....J.......
0x010dfa50: 010dfa88 013cefca 00000001 013cf6e9 ......<.......<.
0x010dfa60: 00000000 00000001 000f06d0 0000000f ................
0x010dfa70: 00000000 00000000 165219a1 00000428 ..........R.(...
0x010dfa80: 00000310 00000748 010dfbc0 013d171e ....H.........=.
0x010dfa90: 017f801b 00000000 02451000 0452bbb0 ..........E...R.
0x010dfaa0: 00c0003f 000003ff 00000000 00000053 ?...........S...
0x010dfab0: 0000005f 00001fff 0452bb50 00000000 _.......P.R.....
0x010dfac0: 010dfaf0 01816358 00000058 0000005f ....Xc..X..._...
0x010dfad0: 0000000f 0000000f 7fffffff 00000000 ................
0x010dfae0: 020ba498 02c218c8 0000000f 010dfb00 ................
0x010dfaf0: 010dfb20 01813018 02c223d0 01fa3698  ....0...#...6..
0x010dfb00: 0000000f 010dfb10 7fffffff 0452bdf0 ..............R.
0x010dfb10: 020ba498 f68fc10d 010dfb30 00000059 ........0...Y...
0x010dfb20: 0000005f 00000400 0451bd50 00000000 _.......P.Q.....
0x010dfb30: 010dfb50 017f0f2a 0000004a 0000004f P...*...J...O...
0x010dfb40: 010dfa7c 616e614d 00646567 6c65746e |...Managed.ntel
0x010dfb50: 00000000 00000007 0000000f 010dfb68 ............h...
0x010dfb60: 04513a10 04513a48 04513a48 00000016 .:Q.H:Q.H:Q.....
0x010dfb70: 043fb040 65646900 646e6957 6c00776f @.?..ideWindow.l
0x010dfb80: 010d006c 00000000 0000000f 00000000 l...............
0x010dfb90: 00000000 65726100 5748746e 0100444e .....arentHWND..
0x010dfba0: 02953d22 00000000 0000000f 00000000 "=..............
0x010dfbb0: 043fb040 043fb080 00000000 00100801 @.?...?.........
0x010dfbc0: 010dfbd8 017c8b08 01110000 00000000 ......|.........
0x010dfbd0: 02953d24 00000001 010dfc68 017f7fc8 $=......h.......
0x010dfbe0: 01110000 00000000 02953d24 00000001 ........$=......
0x010dfbf0: 36c092d0 017f801b 017f801b 02451000 ...6..........E.
0x010dfc00: 00000044 029521be 0295219e 0295210a D....!...!...!..
0x010dfc10: 00000000 00000000 00000000 00000000 ................
0x010dfc20: 00000000 00000000 00000000 00000401 ................
0x010dfc30: 00000001 00000000 00000000 00010001 ................
0x010dfc40: 00000000 c0000005 017f801b 00000000 ................
0x010dfc50: 010dfbf0 010df1b4 010dfcb4 017f9ba0 ................
0x010dfc60: 35cb8a40 00000000 010dfc7c 74bd62c4 @..5....|....b.t
0x010dfc70: 02451000 74bd62a0 56a62d14 010dfcc4 ..E..b.t.-.V....
0x010dfc80: 774c0fd9 02451000 f68fc6d1 00000000 ..Lw..E.........
0x010dfc90: 00000000 02451000 c0000005 00000000 ......E.........
0x010dfca0: 010df194 7568d2a0 f68fc6d1 010dfc88 ......hu........
0x010dfcb0: 010df194 010dfccc 774d67b0 80d7bd05 .........gMw....
0x010dfcc0: 00000000 010dfcd4 774c0fa4 ffffffff ..........Lw....
0x010dfcd0: 774e2eef 00000000 00000000 017f801b ..Nw............
0x010dfce0: 02451000 00000000 00000000 00000000 ..E.............
0x010dfcf0: 00000000 00000000 00000000 00000000 ................
0x010dfd00: 00000000 00000000 00000000 00000000 ................
0x010dfd10: 00000000 00000000 00000000 00000000 ................
0x010dfd20: 00000000 00000000 00000000 00000000 ................
0x010dfd30: 00000000 00000000 00000000 00000000 ................
0x010dfd40: 00000000 00000000 00000000 00000000 ................
0x010dfd50: 00000000 00000000 00000000 00000000 ................
0x010dfd60: 00000000 00000000 00000000 00000000 ................
0x010dfd70: 00000000 00000000 00000000 00000000 ................
0x010dfd80: 00000000 00000000 00000000 00000000 ................
0x010dfd90: 00000000 00000000 00000000 00000000 ................
0x010dfda0: 00000000 00000000 00000000 00000000 ................
0x010dfdb0: 00000000 00000000 00000000 00000000 ................
0x010dfdc0: 00000000 00000000 00000000 00000000 ................
0x010dfdd0: 00000000 00000000 00000000 00000000 ................
0x010dfde0: 00000000 00000000 00000000 00000000 ................
0x010dfdf0: 00000000 00000000 00000000 00000000 ................
0x010dfe00: 00000000 00000000 00000000 00000000 ................
0x010dfe10: 00000000 00000000 00000000 00000000 ................
0x010dfe20: 00000000 00000000 00000000 00000000 ................
0x010dfe30: 00000000 00000000 00000000 00000000 ................
0x010dfe40: 00000000 00000000 00000000 00000000 ................
0x010dfe50: 00000000 00000000 00000000 00000000 ................
0x010dfe60: 00000000 00000000 00000000 00000000 ................
0x010dfe70: 00000000 00000000 00000000 00000000 ................
0x010dfe80: 00000000 00000000 00000000 00000000 ................
0x010dfe90: 00000000 00000000 00000000 00000000 ................
0x010dfea0: 00000000 00000000 00000000 00000000 ................
0x010dfeb0: 00000000 00000000 00000000 00000000 ................
0x010dfec0: 00000000 00000000 00000000 00000000 ................
0x010dfed0: 00000000 00000000 00000000 00000000 ................
0x010dfee0: 00000000 00000000 00000000 00000000 ................
0x010dfef0: 00000000 00000000 00000000 00000000 ................
0x010dff00: 00000000 00000000 00000000 00000000 ................
0x010dff10: 00000000 00000000 00000000 00000000 ................
0x010dff20: 00000000 00000000 00000000 00000000 ................
0x010dff30: 00000000 00000000 00000000 00000000 ................
0x010dff40: 00000000 00000000 00000000 00000000 ................
0x010dff50: 00000000 00000000 00000000 00000000 ................
0x010dff60: 00000000 00000000 00000000 00000000 ................
0x010dff70: 00000000 00000000 00000000 00000000 ................
0x010dff80: 00000000 00000000 00000000 00000000 ................
0x010dff90: 00000000 00000000 00000000 00000000 ................
0x010dffa0: 00000000 00000000 00000000 00000000 ................
0x010dffb0: 00000000 00000000 00000000 00000000 ................
0x010dffc0: 00000000 00000000 00000000 00000000 ................
0x010dffd0: 00000000 00000000 00000000 00000000 ................
0x010dffe0: 00000000 00000000 00000000 00000000 ................
0x010dfff0: 00000000 00000000 00000000 00000000 ................

Module 1
C:\WINDOWS\SYSTEM32\xinput1_3.dll
Image Base: 0x00400000  Image Size: 0x00016000
File Size:  81768       File Time:  2007-04-04_185342
Version:
   Company:    Microsoft Corporation
   Product:    Microsoft® DirectX for Windows®
   FileDesc:   Microsoft Common Controller API
   FileVer:    9.18.944.0
   ProdVer:    9.18.944.0

Module 2
C:\Users\Eduardo Perez\Documents\GitHub\WOZ\WizardsOnIce\WizardsOnIce.exe
Image Base: 0x01110000  Image Size: 0x011b3000
File Size:  17711616    File Time:  2017-03-07_104558
Version:
   Company:    
   Product:    
   FileDesc:   
   FileVer:    5.4.0.55511
   ProdVer:    5.4.0.55511

Module 3
C:\WINDOWS\SYSTEM32\WINMMBASE.dll
Image Base: 0x02780000  Image Size: 0x00023000
File Size:  131208      File Time:  2016-07-16_054250
Version:
   Company:    Microsoft Corporation
   Product:    Microsoft® Windows® Operating System
   FileDesc:   Base Multimedia Extension API DLL
   FileVer:    10.0.14393.0
   ProdVer:    10.0.14393.0

Module 4
C:\Users\Eduardo Perez\Documents\GitHub\WOZ\WizardsOnIce\WizardsOnIce_Data\Mono\mono.dll
Image Base: 0x10000000  Image Size: 0x00231000
File Size:  2114496     File Time:  2017-03-07_104702
Version:
   Company:    Unity Technologies
   Product:    libmono
   FileDesc:   Unity Technologies fork of mono runtime
   FileVer:    1.0.0.1
   ProdVer:    1.0.0.1

Module 5
C:\WINDOWS\System32\DriverStore\FileRepository\nvacwu.inf_amd64_31f4ef4821269ebb\nvwgf2um.dll
Image Base: 0x53130000  Image Size: 0x013bb000
File Size:  20939056    File Time:  2017-01-17_055134
Version:
   Company:    NVIDIA Corporation
   Product:    NVIDIA D3D10 drivers
   FileDesc:   NVIDIA D3D10 Driver, Version 376.54 
   FileVer:    21.21.13.7654
   ProdVer:    21.21.13.7654

Module 6
C:\WINDOWS\SYSTEM32\wdmaud.drv
Image Base: 0x54840000  Image Size: 0x00039000
File Size:  207360      File Time:  2016-07-16_054250
Version:
   Company:    Microsoft Corporation
   Product:    Microsoft® Windows® Operating System
   FileDesc:   Winmm  audio system driver
   FileVer:    10.0.14393.0
   ProdVer:    10.0.14393.0

Module 7
C:\WINDOWS\system32\nvapi.dll
Image Base: 0x5dbd0000  Image Size: 0x00386000
File Size:  3509152     File Time:  2017-01-17_055030
Version:
   Company:    NVIDIA Corporation
   Product:    NVIDIA Windows drivers
   FileDesc:   NVIDIA NVAPI Library, Version 376.54 
   FileVer:    21.21.13.7654
   ProdVer:    21.21.13.7654

Module 8
C:\WINDOWS\system32\nvspcap.dll
Image Base: 0x5ea80000  Image Size: 0x00164000
File Size:  1454136     File Time:  2017-01-05_191034
Version:
   Company:    NVIDIA Corporation
   Product:    NVIDIA GeForce Experience
   FileDesc:   NVIDIA Capture Server Proxy
   FileVer:    3.2.2.49
   ProdVer:    3.2.2.49

Module 9
C:\WINDOWS\SYSTEM32\wintypes.dll
Image Base: 0x5ecd0000  Image Size: 0x000cf000
File Size:  846560      File Time:  2016-12-09_035926
Version:
   Company:    Microsoft Corporation
   Product:    Microsoft® Windows® Operating System
   FileDesc:   Windows Base Types DLL
   FileVer:    10.0.14393.576
   ProdVer:    10.0.14393.576

Module 10
C:\WINDOWS\SYSTEM32\AUDIOSES.DLL
Image Base: 0x5eda0000  Image Size: 0x0007b000
File Size:  484584      File Time:  2016-11-02_060138
Version:
   Company:    Microsoft Corporation
   Product:    Microsoft® Windows® Operating System
   FileDesc:   Audio Session
   FileVer:    10.0.14393.447
   ProdVer:    10.0.14393.447

Module 11
C:\WINDOWS\System32\MMDevApi.dll
Image Base: 0x5f210000  Image Size: 0x00058000
File Size:  352768      File Time:  2016-07-16_054250
Version:
   Company:    Microsoft Corporation
   Product:    Microsoft® Windows® Operating System
   FileDesc:   MMDevice API
   FileVer:    10.0.14393.0
   ProdVer:    10.0.14393.0

Module 12
C:\WINDOWS\SYSTEM32\dxgi.dll
Image Base: 0x660a0000  Image Size: 0x00084000
File Size:  527880      File Time:  2016-11-11_014746
Version:
   Company:    Microsoft Corporation
   Product:    Microsoft® Windows® Operating System
   FileDesc:   DirectX Graphics Infrastructure
   FileVer:    10.0.14393.479
   ProdVer:    10.0.14393.479

Module 13
C:\WINDOWS\SYSTEM32\d3d11.dll
Image Base: 0x66130000  Image Size: 0x0022f000
File Size:  2277248     File Time:  2016-11-11_014802
Version:
   Company:    Microsoft Corporation
   Product:    Microsoft® Windows® Operating System
   FileDesc:   Direct3D 11 Runtime
   FileVer:    10.0.14393.479
   ProdVer:    10.0.14393.479

Module 14
C:\WINDOWS\System32\PROPSYS.dll
Image Base: 0x6d770000  Image Size: 0x0014f000
File Size:  1375456     File Time:  2016-07-16_054256
Version:
   Company:    Microsoft Corporation
   Product:    Windows® Search
   FileDesc:   Microsoft Property System
   FileVer:    7.0.14393.0
   ProdVer:    7.0.14393.0

Module 15
C:\WINDOWS\WinSxS\x86_microsoft.windows.common-controls_6595b64144ccf1df_6.0.14393.447_none_89c64d28dafea4b9\comctl32.dll
Image Base: 0x6e110000  Image Size: 0x0020a000
File Size:  2122080     File Time:  2016-11-02_050450
Version:
   Company:    Microsoft Corporation
   Product:    Microsoft® Windows® Operating System
   FileDesc:   User Experience Controls Library
   FileVer:    6.10.14393.447
   ProdVer:    10.0.14393.447

Module 16
C:\WINDOWS\SYSTEM32\ksuser.dll
Image Base: 0x6e3b0000  Image Size: 0x00007000
File Size:  20672       File Time:  2016-07-16_054250
Version:
   Company:    Microsoft Corporation
   Product:    Microsoft® Windows® Operating System
   FileDesc:   User CSA Library
   FileVer:    10.0.14393.0
   ProdVer:    10.0.14393.0

Module 17
C:\WINDOWS\SYSTEM32\DCIMAN32.dll
Image Base: 0x6e430000  Image Size: 0x00007000
File Size:  11776       File Time:  2016-07-16_054250
Version:
   Company:    Microsoft Corporation
   Product:    Microsoft® Windows® Operating System
   FileDesc:   DCI Manager
   FileVer:    10.0.14393.0
   ProdVer:    10.0.14393.0

Module 18
C:\WINDOWS\SYSTEM32\DDRAW.dll
Image Base: 0x6e440000  Image Size: 0x000ed000
File Size:  548352      File Time:  2016-11-02_044022
Version:
   Company:    Microsoft Corporation
   Product:    Microsoft® Windows® Operating System
   FileDesc:   Microsoft DirectDraw
   FileVer:    10.0.14393.447
   ProdVer:    10.0.14393.447

Module 19
C:\WINDOWS\SYSTEM32\GLU32.dll
Image Base: 0x6e530000  Image Size: 0x00025000
File Size:  141312      File Time:  2016-07-16_054306
Version:
   Company:    Microsoft Corporation
   Product:    Microsoft® Windows® Operating System
   FileDesc:   OpenGL Utility Library DLL
   FileVer:    10.0.14393.0
   ProdVer:    10.0.14393.0

Module 20
C:\WINDOWS\SYSTEM32\OPENGL32.dll
Image Base: 0x6e560000  Image Size: 0x000e0000
File Size:  786944      File Time:  2016-07-16_054306
Version:
   Company:    Microsoft Corporation
   Product:    Microsoft® Windows® Operating System
   FileDesc:   OpenGL Client DLL
   FileVer:    10.0.14393.0
   ProdVer:    10.0.14393.0

Module 21
C:\WINDOWS\SYSTEM32\AVRT.dll
Image Base: 0x6e860000  Image Size: 0x00009000
File Size:  29448       File Time:  2016-07-16_054250
Version:
   Company:    Microsoft Corporation
   Product:    Microsoft® Windows® Operating System
   FileDesc:   Multimedia Realtime Runtime
   FileVer:    10.0.14393.0
   ProdVer:    10.0.14393.0

Module 22
C:\WINDOWS\SYSTEM32\MSACM32.dll
Image Base: 0x6eac0000  Image Size: 0x00018000
File Size:  90912       File Time:  2016-07-16_054250
Version:
   Company:    Microsoft Corporation
   Product:    Microsoft® Windows® Operating System
   FileDesc:   Microsoft ACM Audio Filter
   FileVer:    10.0.14393.0
   ProdVer:    10.0.14393.0

Module 23
C:\WINDOWS\SYSTEM32\midimap.dll
Image Base: 0x6ef60000  Image Size: 0x00008000
File Size:  18944       File Time:  2016-07-16_054250
Version:
   Company:    Microsoft Corporation
   Product:    Microsoft® Windows® Operating System
   FileDesc:   Microsoft MIDI Mapper
   FileVer:    10.0.14393.0
   ProdVer:    10.0.14393.0

Module 24
C:\WINDOWS\SYSTEM32\msacm32.drv
Image Base: 0x6f030000  Image Size: 0x0000a000
File Size:  24576       File Time:  2016-07-16_054250
Version:
   Company:    Microsoft Corporation
   Product:    Microsoft® Windows® Operating System
   FileDesc:   Microsoft Sound Mapper
   FileVer:    10.0.14393.0
   ProdVer:    10.0.14393.0

Module 25
C:\WINDOWS\SYSTEM32\HID.DLL
Image Base: 0x6f040000  Image Size: 0x0000a000
File Size:  25600       File Time:  2016-07-16_054250
Version:
   Company:    Microsoft Corporation
   Product:    Microsoft® Windows® Operating System
   FileDesc:   Hid User Library
   FileVer:    10.0.14393.0
   ProdVer:    10.0.14393.0

Module 26
C:\WINDOWS\SYSTEM32\DEVOBJ.dll
Image Base: 0x70f50000  Image Size: 0x00022000
File Size:  132232      File Time:  2016-07-16_054256
Version:
   Company:    Microsoft Corporation
   Product:    Microsoft® Windows® Operating System
   FileDesc:   Device Information Set DLL
   FileVer:    10.0.14393.0
   ProdVer:    10.0.14393.0

Module 27
C:\WINDOWS\SYSTEM32\DNSAPI.dll
Image Base: 0x70f80000  Image Size: 0x0007c000
File Size:  496872      File Time:  2016-11-12_061724
Version:
   Company:    Microsoft Corporation
   Product:    Microsoft® Windows® Operating System
   FileDesc:   DNS Client API DLL
   FileVer:    10.0.14393.206
   ProdVer:    10.0.14393.206

Module 28
C:\WINDOWS\SYSTEM32\MSWSOCK.dll
Image Base: 0x71000000  Image Size: 0x0004e000
File Size:  306016      File Time:  2016-07-16_054256
Version:
   Company:    Microsoft Corporation
   Product:    Microsoft® Windows® Operating System
   FileDesc:   Microsoft Windows Sockets 2.0 Service Provider
   FileVer:    10.0.14393.0
   ProdVer:    10.0.14393.0

Module 29
C:\WINDOWS\SYSTEM32\ntmarta.dll
Image Base: 0x71110000  Image Size: 0x00028000
File Size:  154432      File Time:  2016-07-16_054256
Version:
   Company:    Microsoft Corporation
   Product:    Microsoft® Windows® Operating System
   FileDesc:   Windows NT MARTA provider
   FileVer:    10.0.14393.0
   ProdVer:    10.0.14393.0

Module 30
C:\WINDOWS\system32\dwmapi.dll
Image Base: 0x71140000  Image Size: 0x0001f000
File Size:  113504      File Time:  2016-11-12_061718
Version:
   Company:    Microsoft Corporation
   Product:    Microsoft® Windows® Operating System
   FileDesc:   Microsoft Desktop Window Manager API
   FileVer:    10.0.14393.206
   ProdVer:    10.0.14393.206

Module 31
C:\WINDOWS\system32\uxtheme.dll
Image Base: 0x71390000  Image Size: 0x00075000
File Size:  457728      File Time:  2016-07-16_054306
Version:
   Company:    Microsoft Corporation
   Product:    Microsoft® Windows® Operating System
   FileDesc:   Microsoft UxTheme Library
   FileVer:    10.0.14393.0
   ProdVer:    10.0.14393.0

Module 32
C:\WINDOWS\SYSTEM32\dbghelp.dll
Image Base: 0x71590000  Image Size: 0x00145000
File Size:  1220608     File Time:  2016-07-16_054258
Version:
   Company:    Microsoft
   Product:    Microsoft® Windows® Operating System
   FileDesc:   Windows Image Helper
   FileVer:    10.0.14321.1024
   ProdVer:    10.0.14321.1024

Module 33
C:\WINDOWS\SYSTEM32\bcrypt.dll
Image Base: 0x719d0000  Image Size: 0x0001b000
File Size:  106896      File Time:  2016-12-09_040100
Version:
   Company:    Microsoft Corporation
   Product:    Microsoft® Windows® Operating System
   FileDesc:   Windows Cryptographic Primitives Library
   FileVer:    10.0.14393.576
   ProdVer:    10.0.14393.576

Module 34
C:\WINDOWS\SYSTEM32\WINMM.dll
Image Base: 0x729e0000  Image Size: 0x00024000
File Size:  135376      File Time:  2016-07-16_054250
Version:
   Company:    Microsoft Corporation
   Product:    Microsoft® Windows® Operating System
   FileDesc:   MCI API DLL
   FileVer:    10.0.14393.0
   ProdVer:    10.0.14393.0

Module 35
C:\WINDOWS\SYSTEM32\WINHTTP.dll
Image Base: 0x73890000  Image Size: 0x000a0000
File Size:  636928      File Time:  2016-11-12_061718
Version:
   Company:    Microsoft Corporation
   Product:    Microsoft® Windows® Operating System
   FileDesc:   Windows HTTP Services
   FileVer:    10.0.14393.351
   ProdVer:    10.0.14393.351

Module 36
C:\WINDOWS\SYSTEM32\WTSAPI32.dll
Image Base: 0x73cd0000  Image Size: 0x0000f000
File Size:  53216       File Time:  2016-07-16_054306
Version:
   Company:    Microsoft Corporation
   Product:    Microsoft® Windows® Operating System
   FileDesc:   Windows Remote Desktop Session Host Server SDK APIs
   FileVer:    10.0.14393.0
   ProdVer:    10.0.14393.0

Module 37
C:\WINDOWS\SYSTEM32\IPHLPAPI.DLL
Image Base: 0x73ce0000  Image Size: 0x0002f000
File Size:  184416      File Time:  2016-07-16_054256
Version:
   Company:    Microsoft Corporation
   Product:    Microsoft® Windows® Operating System
   FileDesc:   IP Helper API
   FileVer:    10.0.14393.0
   ProdVer:    10.0.14393.0

Module 38
C:\WINDOWS\SYSTEM32\VERSION.dll
Image Base: 0x73e50000  Image Size: 0x00008000
File Size:  27360       File Time:  2016-07-16_054306
Version:
   Company:    Microsoft Corporation
   Product:    Microsoft® Windows® Operating System
   FileDesc:   Version Checking and File Installation Libraries
   FileVer:    10.0.14393.0
   ProdVer:    10.0.14393.0

Module 39
C:\WINDOWS\System32\CRYPTBASE.dll
Image Base: 0x73f10000  Image Size: 0x0000a000
File Size:  31528       File Time:  2016-07-16_054250
Version:
   Company:    Microsoft Corporation
   Product:    Microsoft® Windows® Operating System
   FileDesc:   Base cryptographic API DLL
   FileVer:    10.0.14393.0
   ProdVer:    10.0.14393.0

Module 40
C:\WINDOWS\System32\SspiCli.dll
Image Base: 0x73f20000  Image Size: 0x0001e000
File Size:  117240      File Time:  2016-12-09_035110
Version:
   Company:    Microsoft Corporation
   Product:    Microsoft® Windows® Operating System
   FileDesc:   Security Support Provider Interface
   FileVer:    10.0.14393.576
   ProdVer:    10.0.14393.576

Module 41
C:\WINDOWS\System32\ucrtbase.dll
Image Base: 0x73f40000  Image Size: 0x000e0000
File Size:  918304      File Time:  2016-07-16_054256
Version:
   Company:    Microsoft Corporation
   Product:    Microsoft® Windows® Operating System
   FileDesc:   Microsoft® C Runtime Library
   FileVer:    10.0.14393.0
   ProdVer:    10.0.14393.0

Module 42
C:\WINDOWS\System32\OLEAUT32.dll
Image Base: 0x74080000  Image Size: 0x00094000
File Size:  601712      File Time:  2016-11-02_052300
Version:
   Company:    Microsoft Corporation
   Product:    Microsoft® Windows® Operating System
   FileDesc:   OLEAUT32.DLL
   FileVer:    10.0.14393.447
   ProdVer:    10.0.14393.447

Module 43
C:\WINDOWS\System32\USER32.dll
Image Base: 0x74120000  Image Size: 0x0015f000
File Size:  1435896     File Time:  2016-12-09_035222
Version:
   Company:    Microsoft Corporation
   Product:    Microsoft® Windows® Operating System
   FileDesc:   Multi-User Windows USER API Client DLL
   FileVer:    10.0.14393.576
   ProdVer:    10.0.14393.576

Module 44
C:\WINDOWS\System32\NSI.dll
Image Base: 0x74280000  Image Size: 0x00007000
File Size:  20152       File Time:  2016-07-16_054228
Version:
   Company:    Microsoft Corporation
   Product:    Microsoft® Windows® Operating System
   FileDesc:   NSI User-mode interface DLL
   FileVer:    10.0.14393.0
   ProdVer:    10.0.14393.0

Module 45
C:\WINDOWS\System32\win32u.dll
Image Base: 0x74290000  Image Size: 0x00015000
File Size:  79536       File Time:  2016-11-12_061720
Version:
   Company:    Microsoft Corporation
   Product:    Microsoft® Windows® Operating System
   FileDesc:   Win32u
   FileVer:    10.0.14393.51
   ProdVer:    10.0.14393.51

Module 46
C:\WINDOWS\System32\PSAPI.DLL
Image Base: 0x742b0000  Image Size: 0x00006000
File Size:  17048       File Time:  2016-07-16_054246
Version:
   Company:    Microsoft Corporation
   Product:    Microsoft® Windows® Operating System
   FileDesc:   Process Status Helper
   FileVer:    10.0.14393.0
   ProdVer:    10.0.14393.0

Module 47
C:\WINDOWS\System32\msvcp_win.dll
Image Base: 0x742c0000  Image Size: 0x0007b000
File Size:  498408      File Time:  2016-07-16_054256
Version:
   Company:    Microsoft Corporation
   Product:    Microsoft® Windows® Operating System
   FileDesc:   Microsoft® C Runtime Library
   FileVer:    10.0.14393.0
   ProdVer:    10.0.14393.0

Module 48
C:\WINDOWS\System32\CRYPT32.dll
Image Base: 0x74340000  Image Size: 0x0017d000
File Size:  1556712     File Time:  2016-11-12_061718
Version:
   Company:    Microsoft Corporation
   Product:    Microsoft® Windows® Operating System
   FileDesc:   Crypto API32
   FileVer:    10.0.14393.351
   ProdVer:    10.0.14393.351

Module 49
C:\WINDOWS\System32\SETUPAPI.dll
Image Base: 0x744c0000  Image Size: 0x0040b000
File Size:  4268368     File Time:  2016-07-16_054246
Version:
   Company:    Microsoft Corporation
   Product:    Microsoft® Windows® Operating System
   FileDesc:   Windows Setup API
   FileVer:    10.0.14393.0
   ProdVer:    10.0.14393.0

Module 50
C:\WINDOWS\System32\IMM32.dll
Image Base: 0x748d0000  Image Size: 0x00025000
File Size:  144632      File Time:  2016-07-16_054250
Version:
   Company:    Microsoft Corporation
   Product:    Microsoft® Windows® Operating System
   FileDesc:   Multi-User Windows IMM32 API Client DLL
   FileVer:    10.0.14393.0
   ProdVer:    10.0.14393.0

Module 51
C:\WINDOWS\System32\WINTRUST.dll
Image Base: 0x749f0000  Image Size: 0x00044000
File Size:  272720      File Time:  2016-11-12_061718
Version:
   Company:    Microsoft Corporation
   Product:    Microsoft® Windows® Operating System
   FileDesc:   Microsoft Trust Verification APIs
   FileVer:    10.0.14393.351
   ProdVer:    10.0.14393.351

Module 52
C:\WINDOWS\System32\MSCTF.dll
Image Base: 0x74a40000  Image Size: 0x00135000
File Size:  1263856     File Time:  2016-11-11_013820
Version:
   Company:    Microsoft Corporation
   Product:    Microsoft® Windows® Operating System
   FileDesc:   MSCTF Server DLL
   FileVer:    10.0.14393.479
   ProdVer:    10.0.14393.479

Module 53
C:\WINDOWS\System32\cfgmgr32.dll
Image Base: 0x74b80000  Image Size: 0x00036000
File Size:  213848      File Time:  2016-07-16_054256
Version:
   Company:    Microsoft Corporation
   Product:    Microsoft® Windows® Operating System
   FileDesc:   Configuration Manager DLL
   FileVer:    10.0.14393.0
   ProdVer:    10.0.14393.0

Module 54
C:\WINDOWS\System32\KERNEL32.DLL
Image Base: 0x74bc0000  Image Size: 0x000e0000
File Size:  616048      File Time:  2016-07-16_054246
Version:
   Company:    Microsoft Corporation
   Product:    Microsoft® Windows® Operating System
   FileDesc:   Windows NT BASE API Client DLL
   FileVer:    10.0.14393.0
   ProdVer:    10.0.14393.0

Module 55
C:\WINDOWS\System32\GDI32.dll
Image Base: 0x74ca0000  Image Size: 0x0002b000
File Size:  170960      File Time:  2016-11-12_061724
Version:
   Company:    Microsoft Corporation
   Product:    Microsoft® Windows® Operating System
   FileDesc:   GDI Client DLL
   FileVer:    10.0.14393.206
   ProdVer:    10.0.14393.206

Module 56
C:\WINDOWS\System32\gdi32full.dll
Image Base: 0x74cd0000  Image Size: 0x0015b000
File Size:  1415752     File Time:  2016-12-09_035222
Version:
   Company:    Microsoft Corporation
   Product:    Microsoft® Windows® Operating System
   FileDesc:   GDI Client DLL
   FileVer:    10.0.14393.576
   ProdVer:    10.0.14393.576

Module 57
C:\WINDOWS\System32\profapi.dll
Image Base: 0x74e50000  Image Size: 0x0000f000
File Size:  54752       File Time:  2016-07-16_054250
Version:
   Company:    Microsoft Corporation
   Product:    Microsoft® Windows® Operating System
   FileDesc:   User Profile Basic API
   FileVer:    10.0.14393.0
   ProdVer:    10.0.14393.0

Module 58
C:\WINDOWS\System32\msvcrt.dll
Image Base: 0x74e60000  Image Size: 0x000be000
File Size:  773168      File Time:  2016-07-16_054250
Version:
   Company:    Microsoft Corporation
   Product:    Microsoft® Windows® Operating System
   FileDesc:   Windows NT CRT DLL
   FileVer:    7.0.14393.0
   ProdVer:    10.0.14393.0

Module 59
C:\WINDOWS\System32\windows.storage.dll
Image Base: 0x74f30000  Image Size: 0x0056e000
File Size:  5722832     File Time:  2016-11-11_014716
Version:
   Company:    Microsoft Corporation
   Product:    Microsoft® Windows® Operating System
   FileDesc:   Microsoft WinRT Storage API
   FileVer:    10.0.14393.479
   ProdVer:    10.0.14393.479

Module 60
C:\WINDOWS\System32\clbcatq.dll
Image Base: 0x754a0000  Image Size: 0x00084000
File Size:  528360      File Time:  2016-07-16_054248
Version:
   Company:    Microsoft Corporation
   Product:    Microsoft® Windows® Operating System
   FileDesc:   COM+ Configuration Catalog
   FileVer:    2001.12.10941.16384
   ProdVer:    10.0.14393.0

Module 61
C:\WINDOWS\System32\KERNELBASE.dll
Image Base: 0x75530000  Image Size: 0x001a1000
File Size:  1706488     File Time:  2016-11-11_020002
Version:
   Company:    Microsoft Corporation
   Product:    Microsoft® Windows® Operating System
   FileDesc:   Windows NT BASE API Client DLL
   FileVer:    10.0.14393.479
   ProdVer:    10.0.14393.479

Module 62
C:\WINDOWS\System32\shcore.dll
Image Base: 0x75740000  Image Size: 0x00088000
File Size:  549088      File Time:  2016-07-16_054244
Version:
   Company:    Microsoft Corporation
   Product:    Microsoft® Windows® Operating System
   FileDesc:   SHCORE
   FileVer:    10.0.14393.0
   ProdVer:    10.0.14393.0

Module 63
C:\WINDOWS\System32\combase.dll
Image Base: 0x757d0000  Image Size: 0x00211000
File Size:  2166752     File Time:  2016-12-09_035926
Version:
   Company:    Microsoft Corporation
   Product:    Microsoft® Windows® Operating System
   FileDesc:   Microsoft COM for Windows
   FileVer:    10.0.14393.576
   ProdVer:    10.0.14393.576

Module 64
C:\WINDOWS\System32\WS2_32.dll
Image Base: 0x759f0000  Image Size: 0x00063000
File Size:  402352      File Time:  2016-11-12_061740
Version:
   Company:    Microsoft Corporation
   Product:    Microsoft® Windows® Operating System
   FileDesc:   Windows Socket 2.0 32-Bit DLL
   FileVer:    10.0.14393.206
   ProdVer:    10.0.14393.206

Module 65
C:\WINDOWS\System32\sechost.dll
Image Base: 0x75a60000  Image Size: 0x00041000
File Size:  255168      File Time:  2016-07-16_054250
Version:
   Company:    Microsoft Corporation
   Product:    Microsoft® Windows® Operating System
   FileDesc:   Host for SCM/SDDL/LSA Lookup APIs
   FileVer:    10.0.14393.0
   ProdVer:    10.0.14393.0

Module 66
C:\WINDOWS\System32\ole32.dll
Image Base: 0x75ab0000  Image Size: 0x000ea000
File Size:  959112      File Time:  2016-12-09_035616
Version:
   Company:    Microsoft Corporation
   Product:    Microsoft® Windows® Operating System
   FileDesc:   Microsoft OLE for Windows
   FileVer:    10.0.14393.576
   ProdVer:    10.0.14393.576

Module 67
C:\WINDOWS\System32\bcryptPrimitives.dll
Image Base: 0x75ba0000  Image Size: 0x0005a000
File Size:  367208      File Time:  2016-07-16_054228
Version:
   Company:    Microsoft Corporation
   Product:    Microsoft® Windows® Operating System
   FileDesc:   Windows Cryptographic Primitives Library
   FileVer:    10.0.14393.0
   ProdVer:    10.0.14393.0

Module 68
C:\WINDOWS\System32\kernel.appcore.dll
Image Base: 0x75c00000  Image Size: 0x0000d000
File Size:  43416       File Time:  2016-07-16_054256
Version:
   Company:    Microsoft Corporation
   Product:    Microsoft® Windows® Operating System
   FileDesc:   AppModel API Host
   FileVer:    10.0.14393.0
   ProdVer:    10.0.14393.0

Module 69
C:\WINDOWS\System32\MSASN1.dll
Image Base: 0x75c10000  Image Size: 0x0000e000
File Size:  49080       File Time:  2016-07-16_054256
Version:
   Company:    Microsoft Corporation
   Product:    Microsoft® Windows® Operating System
   FileDesc:   ASN.1 Runtime APIs
   FileVer:    10.0.14393.0
   ProdVer:    10.0.14393.0

Module 70
C:\WINDOWS\System32\SHLWAPI.dll
Image Base: 0x75c20000  Image Size: 0x00046000
File Size:  284056      File Time:  2016-07-16_054304
Version:
   Company:    Microsoft Corporation
   Product:    Microsoft® Windows® Operating System
   FileDesc:   Shell Light-weight Utility Library
   FileVer:    10.0.14393.0
   ProdVer:    10.0.14393.0

Module 71
C:\WINDOWS\System32\ADVAPI32.dll
Image Base: 0x75c70000  Image Size: 0x00077000
File Size:  482392      File Time:  2016-07-16_054250
Version:
   Company:    Microsoft Corporation
   Product:    Microsoft® Windows® Operating System
   FileDesc:   Advanced Windows 32 Base API
   FileVer:    10.0.14393.0
   ProdVer:    10.0.14393.0

Module 72
C:\WINDOWS\System32\RPCRT4.dll
Image Base: 0x75e60000  Image Size: 0x000c1000
File Size:  790760      File Time:  2016-11-12_061740
Version:
   Company:    Microsoft Corporation
   Product:    Microsoft® Windows® Operating System
   FileDesc:   Remote Procedure Call Runtime
   FileVer:    10.0.14393.82
   ProdVer:    10.0.14393.82

Module 73
C:\WINDOWS\System32\SHELL32.dll
Image Base: 0x75fd0000  Image Size: 0x013d9000
File Size:  20969928    File Time:  2016-12-20_230136
Version:
   Company:    Microsoft Corporation
   Product:    Microsoft® Windows® Operating System
   FileDesc:   Windows Shell Common Dll
   FileVer:    10.0.14393.693
   ProdVer:    10.0.14393.693

Module 74
C:\WINDOWS\System32\powrprof.dll
Image Base: 0x773b0000  Image Size: 0x00045000
File Size:  275832      File Time:  2016-07-16_054256
Version:
   Company:    Microsoft Corporation
   Product:    Microsoft® Windows® Operating System
   FileDesc:   Power Profile Helper DLL
   FileVer:    10.0.14393.0
   ProdVer:    10.0.14393.0

Module 75
C:\WINDOWS\SYSTEM32\ntdll.dll
Image Base: 0x77460000  Image Size: 0x00183000
File Size:  1572768     File Time:  2016-11-11_020000
Version:
   Company:    Microsoft Corporation
   Product:    Microsoft® Windows® Operating System
   FileDesc:   NT Layer DLL
   FileVer:    10.0.14393.479
   ProdVer:    10.0.14393.479


== [end of error.log] ==
